<?xml version="1.0" encoding="UTF-8" ?>
<testsuite tests="1" failures="0" name="CalculadoraTest" time="0.274" errors="1" skipped="0">
  <properties>
[...]
</properties>
  <testcase classname="CalculadoraTest" name="CalculadoraTest" time="0.274">
    <error message="IOException parsing XML document from class path resource [activiti.cfg.xml]; nested exception is java.io.FileNotFoundException: class path resource [activiti.cfg.xml] cannot be opened because it does not exist" type="org.springframework.beans.factory.BeanDefinitionStoreException">org.springframework.beans.factory.BeanDefinitionStoreException: IOException parsing XML document from class path resource [activiti.cfg.xml]; nested exception is java.io.FileNotFoundException: class path resource [activiti.cfg.xml] cannot be opened because it does not exist
	at org.springframework.beans.factory.xml.XmlBeanDefinitionReader.loadBeanDefinitions(XmlBeanDefinitionReader.java:342)
	at org.springframework.beans.factory.xml.XmlBeanDefinitionReader.loadBeanDefinitions(XmlBeanDefinitionReader.java:310)
	at org.camunda.bpm.engine.impl.cfg.BeansConfigurationHelper.parseProcessEngineConfiguration(BeansConfigurationHelper.java:38)
	at org.camunda.bpm.engine.impl.cfg.BeansConfigurationHelper.parseProcessEngineConfigurationFromResource(BeansConfigurationHelper.java:53)
	at org.camunda.bpm.engine.ProcessEngineConfiguration.createProcessEngineConfigurationFromResource(ProcessEngineConfiguration.java:449)
	at org.camunda.bpm.engine.ProcessEngineConfiguration.createProcessEngineConfigurationFromResource(ProcessEngineConfiguration.java:445)
	at org.camunda.bpm.engine.impl.test.TestHelper.getProcessEngine(TestHelper.java:514)
	at org.camunda.bpm.engine.test.ProcessEngineRule.initializeProcessEngine(ProcessEngineRule.java:195)
	at org.camunda.bpm.engine.test.ProcessEngineRule.apply(ProcessEngineRule.java:164)
	at org.camunda.bpm.extension.process_test_coverage.junit.rules.TestCoverageProcessEngineRule.apply(TestCoverageProcessEngineRule.java:432)
	at org.junit.rules.RunRules.applyAll(RunRules.java:26)
	at org.junit.rules.RunRules.&lt;init&gt;(RunRules.java:15)
	at org.junit.runners.ParentRunner.withClassRules(ParentRunner.java:269)
	at org.junit.runners.ParentRunner.classBlock(ParentRunner.java:217)
	at org.junit.runners.ParentRunner.run(ParentRunner.java:412)
	at org.apache.maven.surefire.junit4.JUnit4Provider.execute(JUnit4Provider.java:252)
	at org.apache.maven.surefire.junit4.JUnit4Provider.executeTestSet(JUnit4Provider.java:141)
	at org.apache.maven.surefire.junit4.JUnit4Provider.invoke(JUnit4Provider.java:112)
	at java.base/jdk.internal.reflect.NativeMethodAccessorImpl.invoke0(Native Method)
	at java.base/jdk.internal.reflect.NativeMethodAccessorImpl.invoke(NativeMethodAccessorImpl.java:77)
	at java.base/jdk.internal.reflect.DelegatingMethodAccessorImpl.invoke(DelegatingMethodAccessorImpl.java:43)
	at java.base/java.lang.reflect.Method.invoke(Method.java:568)
	at org.apache.maven.surefire.util.ReflectionUtils.invokeMethodWithArray(ReflectionUtils.java:189)
	at org.apache.maven.surefire.booter.ProviderFactory$ProviderProxy.invoke(ProviderFactory.java:165)
	at org.apache.maven.surefire.booter.ProviderFactory.invokeProvider(ProviderFactory.java:85)
	at org.apache.maven.surefire.booter.ForkedBooter.runSuitesInProcess(ForkedBooter.java:115)
	at org.apache.maven.surefire.booter.ForkedBooter.main(ForkedBooter.java:75)
Caused by: java.io.FileNotFoundException: class path resource [activiti.cfg.xml] cannot be opened because it does not exist
	at org.springframework.core.io.ClassPathResource.getInputStream(ClassPathResource.java:199)
	at org.springframework.beans.factory.xml.XmlBeanDefinitionReader.loadBeanDefinitions(XmlBeanDefinitionReader.java:333)
	... 26 more
</error>
    <system-out>15:29:03.250 [main] DEBUG org.camunda.bpm.engine.test - ==== BUILDING PROCESS ENGINE ========================================================================
15:29:03.305 [main] DEBUG org.camunda.bpm.engine.test - ==== BUILDING PROCESS ENGINE ========================================================================
</system-out>
  </testcase>
</testsuite>